c:\users\tomki\source\repos\ramcpuuseage\ramcpuuseage\debug\vc142.pdb
c:\users\tomki\source\repos\ramcpuuseage\ramcpuuseage\debug\vc142.idb
c:\users\tomki\source\repos\ramcpuuseage\ramcpuuseage\debug\getram1500.obj
c:\users\tomki\source\repos\ramcpuuseage\ramcpuuseage\debug\getcpu.obj
c:\users\tomki\source\repos\ramcpuuseage\ramcpuuseage\debug\ramcpuuseage.obj
c:\users\tomki\source\repos\ramcpuuseage\debug\ramcpuuseage.pdb
c:\users\tomki\source\repos\ramcpuuseage\ramcpuuseage\debug\ramcpuuseage.tlog\cl.command.1.tlog
c:\users\tomki\source\repos\ramcpuuseage\ramcpuuseage\debug\ramcpuuseage.tlog\cl.read.1.tlog
c:\users\tomki\source\repos\ramcpuuseage\ramcpuuseage\debug\ramcpuuseage.tlog\cl.write.1.tlog
c:\users\tomki\source\repos\ramcpuuseage\ramcpuuseage\debug\ramcpuuseage.tlog\link-cvtres.read.1.tlog
c:\users\tomki\source\repos\ramcpuuseage\ramcpuuseage\debug\ramcpuuseage.tlog\link-cvtres.write.1.tlog
c:\users\tomki\source\repos\ramcpuuseage\ramcpuuseage\debug\ramcpuuseage.tlog\link-rc.read.1.tlog
c:\users\tomki\source\repos\ramcpuuseage\ramcpuuseage\debug\ramcpuuseage.tlog\link-rc.write.1.tlog
c:\users\tomki\source\repos\ramcpuuseage\ramcpuuseage\debug\ramcpuuseage.tlog\link.2512-cvtres.read.1.tlog
c:\users\tomki\source\repos\ramcpuuseage\ramcpuuseage\debug\ramcpuuseage.tlog\link.2512-cvtres.write.1.tlog
c:\users\tomki\source\repos\ramcpuuseage\ramcpuuseage\debug\ramcpuuseage.tlog\link.2512-rc.read.1.tlog
c:\users\tomki\source\repos\ramcpuuseage\ramcpuuseage\debug\ramcpuuseage.tlog\link.2512-rc.write.1.tlog
c:\users\tomki\source\repos\ramcpuuseage\ramcpuuseage\debug\ramcpuuseage.tlog\link.2512.read.1.tlog
c:\users\tomki\source\repos\ramcpuuseage\ramcpuuseage\debug\ramcpuuseage.tlog\link.2512.write.1.tlog
c:\users\tomki\source\repos\ramcpuuseage\ramcpuuseage\debug\ramcpuuseage.tlog\link.command.1.tlog
c:\users\tomki\source\repos\ramcpuuseage\ramcpuuseage\debug\ramcpuuseage.tlog\link.read.1.tlog
c:\users\tomki\source\repos\ramcpuuseage\ramcpuuseage\debug\ramcpuuseage.tlog\link.write.1.tlog
